0 info it worked if it ends with ok
1 verbose cli [ '/Users/casper/.nvm/versions/node/v6.14.4/bin/node',
1 verbose cli   '/Users/casper/.nvm/versions/node/v6.14.4/bin/npm',
1 verbose cli   'start' ]
2 info using npm@3.10.10
3 info using node@v6.14.4
4 verbose run-script [ 'prestart', 'start', 'poststart' ]
5 info lifecycle my-app@0.1.0~prestart: my-app@0.1.0
6 silly lifecycle my-app@0.1.0~prestart: no script for prestart, continuing
7 info lifecycle my-app@0.1.0~start: my-app@0.1.0
8 verbose lifecycle my-app@0.1.0~start: unsafe-perm in lifecycle true
9 verbose lifecycle my-app@0.1.0~start: PATH: /Users/casper/.nvm/versions/node/v6.14.4/lib/node_modules/npm/bin/node-gyp-bin:/Users/casper/Documents/develop/github/blog/demo/2019.08.21-react-native-web-app-className/node_modules/.bin:/Users/casper/.rvm/gems/ruby-2.6.0/bin:/Users/casper/.rvm/gems/ruby-2.6.0@global/bin:/Users/casper/.rvm/rubies/ruby-2.6.0/bin:/Library/Internet Plug-Ins/JavaAppletPlugin.plugin/Contents/Home/bin:/Users/casper/.nvm/versions/node/v6.14.4/bin:/usr/local/bin:/usr/bin:/bin:/usr/sbin:/sbin:/Applications/Wireshark.app/Contents/MacOS:/Users/casper/.rvm/bin
10 verbose lifecycle my-app@0.1.0~start: CWD: /Users/casper/Documents/develop/github/blog/demo/2019.08.21-react-native-web-app-className
11 silly lifecycle my-app@0.1.0~start: Args: [ '-c', 'react-scripts start' ]
12 silly lifecycle my-app@0.1.0~start: Returned: code: 1  signal: null
13 info lifecycle my-app@0.1.0~start: Failed to exec start script
14 verbose stack Error: my-app@0.1.0 start: `react-scripts start`
14 verbose stack Exit status 1
14 verbose stack     at EventEmitter.<anonymous> (/Users/casper/.nvm/versions/node/v6.14.4/lib/node_modules/npm/lib/utils/lifecycle.js:255:16)
14 verbose stack     at emitTwo (events.js:106:13)
14 verbose stack     at EventEmitter.emit (events.js:191:7)
14 verbose stack     at ChildProcess.<anonymous> (/Users/casper/.nvm/versions/node/v6.14.4/lib/node_modules/npm/lib/utils/spawn.js:40:14)
14 verbose stack     at emitTwo (events.js:106:13)
14 verbose stack     at ChildProcess.emit (events.js:191:7)
14 verbose stack     at maybeClose (internal/child_process.js:920:16)
14 verbose stack     at Process.ChildProcess._handle.onexit (internal/child_process.js:230:5)
15 verbose pkgid my-app@0.1.0
16 verbose cwd /Users/casper/Documents/develop/github/blog/demo/2019.08.21-react-native-web-app-className
17 error Darwin 17.7.0
18 error argv "/Users/casper/.nvm/versions/node/v6.14.4/bin/node" "/Users/casper/.nvm/versions/node/v6.14.4/bin/npm" "start"
19 error node v6.14.4
20 error npm  v3.10.10
21 error code ELIFECYCLE
22 error my-app@0.1.0 start: `react-scripts start`
22 error Exit status 1
23 error Failed at the my-app@0.1.0 start script 'react-scripts start'.
23 error Make sure you have the latest version of node.js and npm installed.
23 error If you do, this is most likely a problem with the my-app package,
23 error not with npm itself.
23 error Tell the author that this fails on your system:
23 error     react-scripts start
23 error You can get information on how to open an issue for this project with:
23 error     npm bugs my-app
23 error Or if that isn't available, you can get their info via:
23 error     npm owner ls my-app
23 error There is likely additional logging output above.
24 verbose exit [ 1, true ]
